============================= test session starts ==============================
platform linux -- Python 3.12.3, pytest-9.1.1, pluggy-1.6.0 -- /home/kestl/github/scplay-grok-bot/.venv/bin/python3
cachedir: .pytest_cache
rootdir: /home/kestl/github/scplay-grok-bot
collecting ... collected 9 items

tests/test_protocol_v1.py::test_protocol_file_exists PASSED              [ 11%]
tests/test_protocol_v1.py::test_checklist_file_exists PASSED             [ 22%]
tests/test_protocol_v1.py::test_required_sections_present PASSED         [ 33%]
tests/test_protocol_v1.py::test_t0_t1_t2_defined PASSED                  [ 44%]
tests/test_protocol_v1.py::test_t1_banter_not_strategic_control_disclaimer PASSED [ 55%]
tests/test_protocol_v1.py::test_checklist_mentions_t1_rule PASSED        [ 66%]
tests/test_protocol_v1.py::test_docs_link_to_protocol PASSED             [ 77%]
tests/test_protocol_v1.py::test_protocol_links_checklist PASSED          [ 88%]
tests/test_protocol_v1.py::test_exclusions_include_chaos_and_tier_mislabel PASSED [100%]

============================== 9 passed in 0.01s ===============================
exit:0
