============================= test session starts ==============================
platform linux -- Python 3.12.3, pytest-9.1.1, pluggy-1.6.0 -- /home/kestl/github/scplay-grok-bot/.venv/bin/python3
cachedir: .pytest_cache
rootdir: /home/kestl/github/scplay-grok-bot
collecting ... collected 53 items

tests/test_run_manifest.py::test_identical_config_same_fingerprint_different_run_ids PASSED [  1%]
tests/test_run_manifest.py::test_seed_change_alters_fingerprint PASSED   [  3%]
tests/test_run_manifest.py::test_chaos_change_alters_fingerprint PASSED  [  5%]
tests/test_run_manifest.py::test_manifest_validates_via_schema_v2 PASSED [  7%]
tests/test_run_manifest.py::test_map_checksum_from_temp_file PASSED      [  9%]
tests/test_run_manifest.py::test_map_checksum_without_path_uses_name_and_declared PASSED [ 11%]
tests/test_run_manifest.py::test_fingerprint_fields_documented PASSED    [ 13%]
tests/test_run_manifest.py::test_dict_config_accepted PASSED             [ 15%]
tests/test_run_manifest.py::test_injected_run_id_and_started_at PASSED   [ 16%]
tests/test_run_manifest.py::test_write_and_example_fixture PASSED        [ 18%]
tests/test_run_manifest.py::test_fingerprint_excludes_run_id_and_started_at PASSED [ 20%]
tests/test_run_manifest.py::test_git_probe_mocked PASSED                 [ 22%]
tests/test_schema_v2.py::test_schema_files_exist PASSED                  [ 24%]
tests/test_schema_v2.py::test_fixture_directory_populated PASSED         [ 26%]
tests/test_schema_v2.py::test_valid_fixtures_validate[valid_chat_event.json] PASSED [ 28%]
tests/test_schema_v2.py::test_valid_fixtures_validate[valid_gameplay_event.json] PASSED [ 30%]
tests/test_schema_v2.py::test_valid_fixtures_validate[valid_llm_decision.json] PASSED [ 32%]
tests/test_schema_v2.py::test_valid_fixtures_validate[valid_run_manifest.json] PASSED [ 33%]
tests/test_schema_v2.py::test_valid_fixtures_validate[valid_snapshot.json] PASSED [ 35%]
tests/test_schema_v2.py::test_invalid_fixtures_fail[invalid_missing_envelope.json] PASSED [ 37%]
tests/test_schema_v2.py::test_sample_run_jsonl_monotonic_and_valid PASSED [ 39%]
tests/test_schema_v2.py::test_inline_invalid_dicts PASSED                [ 41%]
tests/test_schema_v2.py::test_envelope_schema_accepts_open_extra_fields PASSED [ 43%]
tests/test_condition_registry.py::test_fixture_directories_populated PASSED [ 45%]
tests/test_condition_registry.py::test_valid_fixtures_parse[valid_confirmatory_t0.json] PASSED [ 47%]
tests/test_condition_registry.py::test_valid_fixtures_parse[valid_confirmatory_t2.json] PASSED [ 49%]
tests/test_condition_registry.py::test_valid_fixtures_parse[valid_demo_chaos.json] PASSED [ 50%]
tests/test_condition_registry.py::test_valid_fixtures_parse[valid_exploratory_chaos.json] PASSED [ 52%]
tests/test_condition_registry.py::test_valid_fixtures_parse[valid_t1_exploratory.json] PASSED [ 54%]
tests/test_condition_registry.py::test_valid_confirmatory_have_chaos_off PASSED [ 56%]
tests/test_condition_registry.py::test_valid_exploratory_or_demo_may_enable_chaos PASSED [ 58%]
tests/test_condition_registry.py::test_valid_t1_exploratory PASSED       [ 60%]
tests/test_condition_registry.py::test_invalid_fixtures_raise[invalid_bad_tier.json] PASSED [ 62%]
tests/test_condition_registry.py::test_invalid_fixtures_raise[invalid_confirmatory_chaos.json] PASSED [ 64%]
tests/test_condition_registry.py::test_invalid_fixtures_raise[invalid_empty_map.json] PASSED [ 66%]
tests/test_condition_registry.py::test_invalid_fixtures_raise[invalid_t0_with_provider.json] PASSED [ 67%]
tests/test_condition_registry.py::test_invalid_fixtures_raise[invalid_t1_claims_strategic.json] PASSED [ 69%]
tests/test_condition_registry.py::test_invalid_fixtures_raise[invalid_t2_confirmatory_no_cadence.json] PASSED [ 71%]
tests/test_condition_registry.py::test_invalid_fixtures_raise[invalid_t2_missing_provider.json] PASSED [ 73%]
tests/test_condition_registry.py::test_invalid_fixtures_raise[invalid_unknown_intent.json] PASSED [ 75%]
tests/test_condition_registry.py::test_invalid_fixtures_raise[invalid_unknown_mode.json] PASSED [ 77%]
tests/test_condition_registry.py::test_confirmatory_chaos_message_explicit PASSED [ 79%]
tests/test_condition_registry.py::test_reject_tier_alias_t0_lowercase PASSED [ 81%]
tests/test_condition_registry.py::test_reject_non_boolean_chaos PASSED   [ 83%]
tests/test_protocol_v1.py::test_protocol_file_exists PASSED              [ 84%]
tests/test_protocol_v1.py::test_checklist_file_exists PASSED             [ 86%]
tests/test_protocol_v1.py::test_required_sections_present PASSED         [ 88%]
tests/test_protocol_v1.py::test_t0_t1_t2_defined PASSED                  [ 90%]
tests/test_protocol_v1.py::test_t1_banter_not_strategic_control_disclaimer PASSED [ 92%]
tests/test_protocol_v1.py::test_checklist_mentions_t1_rule PASSED        [ 94%]
tests/test_protocol_v1.py::test_docs_link_to_protocol PASSED             [ 96%]
tests/test_protocol_v1.py::test_protocol_links_checklist PASSED          [ 98%]
tests/test_protocol_v1.py::test_exclusions_include_chaos_and_tier_mislabel PASSED [100%]

============================== 53 passed in 0.09s ==============================
