============================= test session starts ==============================
platform linux -- Python 3.12.3, pytest-9.1.1, pluggy-1.6.0 -- /home/kestl/github/scplay-grok-bot/.venv/bin/python3
cachedir: .pytest_cache
rootdir: /home/kestl/github/scplay-grok-bot
collecting ... collected 41 items

tests/test_schema_v2.py::test_schema_files_exist PASSED                  [  2%]
tests/test_schema_v2.py::test_fixture_directory_populated PASSED         [  4%]
tests/test_schema_v2.py::test_valid_fixtures_validate[valid_chat_event.json] PASSED [  7%]
tests/test_schema_v2.py::test_valid_fixtures_validate[valid_gameplay_event.json] PASSED [  9%]
tests/test_schema_v2.py::test_valid_fixtures_validate[valid_llm_decision.json] PASSED [ 12%]
tests/test_schema_v2.py::test_valid_fixtures_validate[valid_run_manifest.json] PASSED [ 14%]
tests/test_schema_v2.py::test_valid_fixtures_validate[valid_snapshot.json] PASSED [ 17%]
tests/test_schema_v2.py::test_invalid_fixtures_fail[invalid_missing_envelope.json] PASSED [ 19%]
tests/test_schema_v2.py::test_sample_run_jsonl_monotonic_and_valid PASSED [ 21%]
tests/test_schema_v2.py::test_inline_invalid_dicts PASSED                [ 24%]
tests/test_schema_v2.py::test_envelope_schema_accepts_open_extra_fields PASSED [ 26%]
tests/test_condition_registry.py::test_fixture_directories_populated PASSED [ 29%]
tests/test_condition_registry.py::test_valid_fixtures_parse[valid_confirmatory_t0.json] PASSED [ 31%]
tests/test_condition_registry.py::test_valid_fixtures_parse[valid_confirmatory_t2.json] PASSED [ 34%]
tests/test_condition_registry.py::test_valid_fixtures_parse[valid_demo_chaos.json] PASSED [ 36%]
tests/test_condition_registry.py::test_valid_fixtures_parse[valid_exploratory_chaos.json] PASSED [ 39%]
tests/test_condition_registry.py::test_valid_fixtures_parse[valid_t1_exploratory.json] PASSED [ 41%]
tests/test_condition_registry.py::test_valid_confirmatory_have_chaos_off PASSED [ 43%]
tests/test_condition_registry.py::test_valid_exploratory_or_demo_may_enable_chaos PASSED [ 46%]
tests/test_condition_registry.py::test_valid_t1_exploratory PASSED       [ 48%]
tests/test_condition_registry.py::test_invalid_fixtures_raise[invalid_bad_tier.json] PASSED [ 51%]
tests/test_condition_registry.py::test_invalid_fixtures_raise[invalid_confirmatory_chaos.json] PASSED [ 53%]
tests/test_condition_registry.py::test_invalid_fixtures_raise[invalid_empty_map.json] PASSED [ 56%]
tests/test_condition_registry.py::test_invalid_fixtures_raise[invalid_t0_with_provider.json] PASSED [ 58%]
tests/test_condition_registry.py::test_invalid_fixtures_raise[invalid_t1_claims_strategic.json] PASSED [ 60%]
tests/test_condition_registry.py::test_invalid_fixtures_raise[invalid_t2_confirmatory_no_cadence.json] PASSED [ 63%]
tests/test_condition_registry.py::test_invalid_fixtures_raise[invalid_t2_missing_provider.json] PASSED [ 65%]
tests/test_condition_registry.py::test_invalid_fixtures_raise[invalid_unknown_intent.json] PASSED [ 68%]
tests/test_condition_registry.py::test_invalid_fixtures_raise[invalid_unknown_mode.json] PASSED [ 70%]
tests/test_condition_registry.py::test_confirmatory_chaos_message_explicit PASSED [ 73%]
tests/test_condition_registry.py::test_reject_tier_alias_t0_lowercase PASSED [ 75%]
tests/test_condition_registry.py::test_reject_non_boolean_chaos PASSED   [ 78%]
tests/test_protocol_v1.py::test_protocol_file_exists PASSED              [ 80%]
tests/test_protocol_v1.py::test_checklist_file_exists PASSED             [ 82%]
tests/test_protocol_v1.py::test_required_sections_present PASSED         [ 85%]
tests/test_protocol_v1.py::test_t0_t1_t2_defined PASSED                  [ 87%]
tests/test_protocol_v1.py::test_t1_banter_not_strategic_control_disclaimer PASSED [ 90%]
tests/test_protocol_v1.py::test_checklist_mentions_t1_rule PASSED        [ 92%]
tests/test_protocol_v1.py::test_docs_link_to_protocol PASSED             [ 95%]
tests/test_protocol_v1.py::test_protocol_links_checklist PASSED          [ 97%]
tests/test_protocol_v1.py::test_exclusions_include_chaos_and_tier_mislabel PASSED [100%]

============================== 41 passed in 0.06s ==============================
